# JRE version: OpenJDK Runtime Environment (8.0_202-b03) (build 1.8.0_202-release-1483-b03)
# Java VM: OpenJDK 64-Bit Server VM (25.202-b03 mixed mode windows-amd64 compressed oops)
Heap:
 PSYoungGen      total 214016K, used 113864K [0x00000000e0000000, 0x00000000eff00000, 0x0000000100000000)
  eden space 194560K, 57% used [0x00000000e0000000,0x00000000e6da61d0,0x00000000ebe00000)
  from space 19456K, 8% used [0x00000000ebe00000,0x00000000ebf8c030,0x00000000ed100000)
  to   space 18944K, 0% used [0x00000000eec80000,0x00000000eec80000,0x00000000eff00000)
 ParOldGen       total 112128K, used 63027K [0x00000000a0000000, 0x00000000a6d80000, 0x00000000e0000000)
  object space 112128K, 56% used [0x00000000a0000000,0x00000000a3d8cf78,0x00000000a6d80000)
 Metaspace       used 90103K, capacity 93034K, committed 93824K, reserved 1130496K
  class space    used 11325K, capacity 11939K, committed 12160K, reserved 1048576K
GC Heap History (10 events):
Event: 3433.432 GC heap before
{Heap before GC invocations=39 (full 4):
 PSYoungGen      total 171008K, used 151606K [0x00000000e0000000, 0x00000000ebb80000, 0x0000000100000000)
  eden space 149504K, 100% used [0x00000000e0000000,0x00000000e9200000,0x00000000e9200000)
  from space 21504K, 9% used [0x00000000ea680000,0x00000000ea88da98,0x00000000ebb80000)
  to   space 20992K, 0% used [0x00000000e9200000,0x00000000e9200000,0x00000000ea680000)
 ParOldGen       total 112128K, used 55407K [0x00000000a0000000, 0x00000000a6d80000, 0x00000000e0000000)
  object space 112128K, 49% used [0x00000000a0000000,0x00000000a361bed8,0x00000000a6d80000)
 Metaspace       used 89943K, capacity 92878K, committed 93568K, reserved 1130496K
  class space    used 11322K, capacity 11937K, committed 12160K, reserved 1048576K
Event: 3433.436 GC heap after
Heap after GC invocations=39 (full 4):
 PSYoungGen      total 170496K, used 807K [0x00000000e0000000, 0x00000000ed280000, 0x0000000100000000)
  eden space 149504K, 0% used [0x00000000e0000000,0x00000000e0000000,0x00000000e9200000)
  from space 20992K, 3% used [0x00000000e9200000,0x00000000e92c9c18,0x00000000ea680000)
  to   space 20992K, 0% used [0x00000000ebe00000,0x00000000ebe00000,0x00000000ed280000)
 ParOldGen       total 112128K, used 55731K [0x00000000a0000000, 0x00000000a6d80000, 0x00000000e0000000)
  object space 112128K, 49% used [0x00000000a0000000,0x00000000a366ce00,0x00000000a6d80000)
 Metaspace       used 89943K, capacity 92878K, committed 93568K, reserved 1130496K
  class space    used 11322K, capacity 11937K, committed 12160K, reserved 1048576K
}
Event: 3435.253 GC heap before
{Heap before GC invocations=40 (full 4):
 PSYoungGen      total 170496K, used 150311K [0x00000000e0000000, 0x00000000ed280000, 0x0000000100000000)
  eden space 149504K, 100% used [0x00000000e0000000,0x00000000e9200000,0x00000000e9200000)
  from space 20992K, 3% used [0x00000000e9200000,0x00000000e92c9c18,0x00000000ea680000)
  to   space 20992K, 0% used [0x00000000ebe00000,0x00000000ebe00000,0x00000000ed280000)
 ParOldGen       total 112128K, used 55731K [0x00000000a0000000, 0x00000000a6d80000, 0x00000000e0000000)
  object space 112128K, 49% used [0x00000000a0000000,0x00000000a366ce00,0x00000000a6d80000)
 Metaspace       used 89990K, capacity 92878K, committed 93568K, reserved 1130496K
  class space    used 11323K, capacity 11937K, committed 12160K, reserved 1048576K
Event: 3435.258 GC heap after
Heap after GC invocations=40 (full 4):
 PSYoungGen      total 190464K, used 1241K [0x00000000e0000000, 0x00000000ed000000, 0x0000000100000000)
  eden space 172032K, 0% used [0x00000000e0000000,0x00000000e0000000,0x00000000ea800000)
  from space 18432K, 6% used [0x00000000ebe00000,0x00000000ebf36558,0x00000000ed000000)
  to   space 20480K, 0% used [0x00000000ea800000,0x00000000ea800000,0x00000000ebc00000)
 ParOldGen       total 112128K, used 55832K [0x00000000a0000000, 0x00000000a6d80000, 0x00000000e0000000)
  object space 112128K, 49% used [0x00000000a0000000,0x00000000a3686098,0x00000000a6d80000)
 Metaspace       used 89990K, capacity 92878K, committed 93568K, reserved 1130496K
  class space    used 11323K, capacity 11937K, committed 12160K, reserved 1048576K
}
Event: 3437.954 GC heap before
{Heap before GC invocations=41 (full 4):
 PSYoungGen      total 190464K, used 173273K [0x00000000e0000000, 0x00000000ed000000, 0x0000000100000000)
  eden space 172032K, 100% used [0x00000000e0000000,0x00000000ea800000,0x00000000ea800000)
  from space 18432K, 6% used [0x00000000ebe00000,0x00000000ebf36558,0x00000000ed000000)
  to   space 20480K, 0% used [0x00000000ea800000,0x00000000ea800000,0x00000000ebc00000)
 ParOldGen       total 112128K, used 55832K [0x00000000a0000000, 0x00000000a6d80000, 0x00000000e0000000)
  object space 112128K, 49% used [0x00000000a0000000,0x00000000a3686098,0x00000000a6d80000)
 Metaspace       used 90025K, capacity 92946K, committed 93824K, reserved 1130496K
  class space    used 11323K, capacity 11937K, committed 12160K, reserved 1048576K
Event: 3437.959 GC heap after
Heap after GC invocations=41 (full 4):
 PSYoungGen      total 192512K, used 1048K [0x00000000e0000000, 0x00000000ee600000, 0x0000000100000000)
  eden space 172032K, 0% used [0x00000000e0000000,0x00000000e0000000,0x00000000ea800000)
  from space 20480K, 5% used [0x00000000ea800000,0x00000000ea906290,0x00000000ebc00000)
  to   space 19968K, 0% used [0x00000000ed280000,0x00000000ed280000,0x00000000ee600000)
 ParOldGen       total 112128K, used 56009K [0x00000000a0000000, 0x00000000a6d80000, 0x00000000e0000000)
  object space 112128K, 49% used [0x00000000a0000000,0x00000000a36b2700,0x00000000a6d80000)
 Metaspace       used 90025K, capacity 92946K, committed 93824K, reserved 1130496K
  class space    used 11323K, capacity 11937K, committed 12160K, reserved 1048576K
}
Event: 3440.810 GC heap before
{Heap before GC invocations=42 (full 4):
 PSYoungGen      total 192512K, used 173080K [0x00000000e0000000, 0x00000000ee600000, 0x0000000100000000)
  eden space 172032K, 100% used [0x00000000e0000000,0x00000000ea800000,0x00000000ea800000)
  from space 20480K, 5% used [0x00000000ea800000,0x00000000ea906290,0x00000000ebc00000)
  to   space 19968K, 0% used [0x00000000ed280000,0x00000000ed280000,0x00000000ee600000)
 ParOldGen       total 112128K, used 56009K [0x00000000a0000000, 0x00000000a6d80000, 0x00000000e0000000)
  object space 112128K, 49% used [0x00000000a0000000,0x00000000a36b2700,0x00000000a6d80000)
 Metaspace       used 90082K, capacity 92966K, committed 93824K, reserved 1130496K
  class space    used 11325K, capacity 11939K, committed 12160K, reserved 1048576K
Event: 3440.821 GC heap after
Heap after GC invocations=42 (full 4):
 PSYoungGen      total 212480K, used 8053K [0x00000000e0000000, 0x00000000ee400000, 0x0000000100000000)
  eden space 194560K, 0% used [0x00000000e0000000,0x00000000e0000000,0x00000000ebe00000)
  from space 17920K, 44% used [0x00000000ed280000,0x00000000eda5d710,0x00000000ee400000)
  to   space 19456K, 0% used [0x00000000ebe00000,0x00000000ebe00000,0x00000000ed100000)
 ParOldGen       total 112128K, used 56186K [0x00000000a0000000, 0x00000000a6d80000, 0x00000000e0000000)
  object space 112128K, 50% used [0x00000000a0000000,0x00000000a36dea88,0x00000000a6d80000)
 Metaspace       used 90082K, capacity 92966K, committed 93824K, reserved 1130496K
  class space    used 11325K, capacity 11939K, committed 12160K, reserved 1048576K
}
Event: 3441.910 GC heap before
{Heap before GC invocations=43 (full 4):
 PSYoungGen      total 212480K, used 202613K [0x00000000e0000000, 0x00000000ee400000, 0x0000000100000000)
  eden space 194560K, 100% used [0x00000000e0000000,0x00000000ebe00000,0x00000000ebe00000)
  from space 17920K, 44% used [0x00000000ed280000,0x00000000eda5d710,0x00000000ee400000)
  to   space 19456K, 0% used [0x00000000ebe00000,0x00000000ebe00000,0x00000000ed100000)
 ParOldGen       total 112128K, used 56186K [0x00000000a0000000, 0x00000000a6d80000, 0x00000000e0000000)
  object space 112128K, 50% used [0x00000000a0000000,0x00000000a36dea88,0x00000000a6d80000)
 Metaspace       used 90100K, capacity 93034K, committed 93824K, reserved 1130496K
  class space    used 11325K, capacity 11939K, committed 12160K, reserved 1048576K
Event: 3441.924 GC heap after
Heap after GC invocations=43 (full 4):
 PSYoungGen      total 214016K, used 1584K [0x00000000e0000000, 0x00000000eff00000, 0x0000000100000000)
  eden space 194560K, 0% used [0x00000000e0000000,0x00000000e0000000,0x00000000ebe00000)
  from space 19456K, 8% used [0x00000000ebe00000,0x00000000ebf8c030,0x00000000ed100000)
  to   space 18944K, 0% used [0x00000000eec80000,0x00000000eec80000,0x00000000eff00000)
 ParOldGen       total 112128K, used 63027K [0x00000000a0000000, 0x00000000a6d80000, 0x00000000e0000000)
  object space 112128K, 56% used [0x00000000a0000000,0x00000000a3d8cf78,0x00000000a6d80000)
 Metaspace       used 90100K, capacity 93034K, committed 93824K, reserved 1130496K
  class space    used 11325K, capacity 11939K, committed 12160K, reserved 1048576K
}

